<?xml version="1.0" encoding="UTF-8"?>
<testsuite xmlns:xsi="http://www.w3.org/2001/XMLSchema-instance" xsi:noNamespaceSchemaLocation="https://maven.apache.org/surefire/maven-surefire-plugin/xsd/surefire-test-report-3.0.xsd" version="3.0" name="com.cognizant.UserRepositoryTest" time="4.228" tests="1" errors="0" skipped="0" failures="0">
  <properties>
[...]
</properties>
  <testcase name="testFindByName" classname="com.cognizant.UserRepositoryTest" time="0.575">
    <system-out><![CDATA[18:34:44.923 [main] INFO org.springframework.test.context.support.AnnotationConfigContextLoaderUtils -- Could not detect default configuration classes for test class [com.cognizant.UserRepositoryTest]: UserRepositoryTest does not declare any static, non-private, non-final, nested classes annotated with @Configuration.
18:34:45.072 [main] INFO org.springframework.boot.test.context.SpringBootTestContextBootstrapper -- Found @SpringBootConfiguration com.cognizant.SpringTestingExercise7Application for test class com.cognizant.UserRepositoryTest

  .   ____          _            __ _ _
 /\\ / ___'_ __ _ _(_)_ __  __ _ \ \ \ \
( ( )\___ | '_ | '_| | '_ \/ _` | \ \ \ \
 \\/  ___)| |_)| | | | | || (_| |  ) ) ) )
  '  |____| .__|_| |_|_| |_\__, | / / / /
 =========|_|==============|___/=/_/_/_/

 :: Spring Boot ::                (v3.3.5)

2026-07-10T18:34:45.465+05:30  INFO 21156 --- [           main] com.cognizant.UserRepositoryTest         : Starting UserRepositoryTest using Java 17.0.19 with PID 21156 (started by mr in C:\Users\mr\Desktop\COGNIZANT DEEPSKILLING\MODULE-4\Test driven development and Logging framework\Spring Testing Exercises\SpringTestingExercise7)
2026-07-10T18:34:45.466+05:30  INFO 21156 --- [           main] com.cognizant.UserRepositoryTest         : No active profile set, falling back to 1 default profile: "default"
2026-07-10T18:34:45.946+05:30  INFO 21156 --- [           main] .s.d.r.c.RepositoryConfigurationDelegate : Bootstrapping Spring Data JPA repositories in DEFAULT mode.
2026-07-10T18:34:46.013+05:30  INFO 21156 --- [           main] .s.d.r.c.RepositoryConfigurationDelegate : Finished Spring Data repository scanning in 58 ms. Found 1 JPA repository interface.
2026-07-10T18:34:46.072+05:30  INFO 21156 --- [           main] beddedDataSourceBeanFactoryPostProcessor : Replacing 'dataSource' DataSource bean with embedded version
2026-07-10T18:34:46.384+05:30  INFO 21156 --- [           main] o.s.j.d.e.EmbeddedDatabaseFactory        : Starting embedded database: url='jdbc:h2:mem:392b8f14-e662-41fc-b5d6-a784cfba6e34;DB_CLOSE_DELAY=-1;DB_CLOSE_ON_EXIT=false', username='sa'
2026-07-10T18:34:46.644+05:30  INFO 21156 --- [           main] o.hibernate.jpa.internal.util.LogHelper  : HHH000204: Processing PersistenceUnitInfo [name: default]
2026-07-10T18:34:46.691+05:30  INFO 21156 --- [           main] org.hibernate.Version                    : HHH000412: Hibernate ORM core version 6.5.3.Final
2026-07-10T18:34:46.732+05:30  INFO 21156 --- [           main] o.h.c.internal.RegionFactoryInitiator    : HHH000026: Second-level cache disabled
2026-07-10T18:34:47.002+05:30  INFO 21156 --- [           main] o.s.o.j.p.SpringPersistenceUnitInfo      : No LoadTimeWeaver setup: ignoring JPA class transformer
2026-07-10T18:34:47.865+05:30  INFO 21156 --- [           main] o.h.e.t.j.p.i.JtaPlatformInitiator       : HHH000489: No JTA platform available (set 'hibernate.transaction.jta.platform' to enable JTA platform integration)
Hibernate: drop table if exists users cascade 
Hibernate: create table users (id bigint not null, name varchar(255), primary key (id))
2026-07-10T18:34:47.889+05:30  INFO 21156 --- [           main] j.LocalContainerEntityManagerFactoryBean : Initialized JPA EntityManagerFactory for persistence unit 'default'
2026-07-10T18:34:48.362+05:30  INFO 21156 --- [           main] com.cognizant.UserRepositoryTest         : Started UserRepositoryTest in 3.201 seconds (process running for 4.24)
Hibernate: select u1_0.id,u1_0.name from users u1_0 where u1_0.id=?
Hibernate: select u1_0.id,u1_0.name from users u1_0 where u1_0.id=?
Hibernate: select u1_0.id,u1_0.name from users u1_0 where u1_0.id=?
Hibernate: insert into users (name,id) values (?,?)
Hibernate: insert into users (name,id) values (?,?)
Hibernate: insert into users (name,id) values (?,?)
Hibernate: select u1_0.id,u1_0.name from users u1_0 where u1_0.name=?
]]></system-out>
  </testcase>
</testsuite>