<?xml version="1.0" encoding="UTF-8"?>
<testsuite xmlns:xsi="http://www.w3.org/2001/XMLSchema-instance" xsi:noNamespaceSchemaLocation="https://maven.apache.org/surefire/maven-surefire-plugin/xsd/surefire-test-report-3.0.xsd" version="3.0" name="com.cognizant.OrderedTests" time="0.063" tests="3" errors="0" skipped="0" failures="0">
  <properties>
[...]
</properties>
  <testcase name="firstTest" classname="com.cognizant.OrderedTests" time="0.026">
    <system-out><![CDATA[This is the first test.
]]></system-out>
  </testcase>
  <testcase name="secondTest" classname="com.cognizant.OrderedTests" time="0.001">
    <system-out><![CDATA[This is the second test.
]]></system-out>
  </testcase>
  <testcase name="thirdTest" classname="com.cognizant.OrderedTests" time="0.002">
    <system-out><![CDATA[This is the third test.
]]></system-out>
  </testcase>
</testsuite>